<?xml version="1.0" encoding="UTF-8"?>
<!-- Generated by org.testng.reporters.JUnitReportReporter -->
<testsuite skipped="0" hostname="RokLightning" name="tests.SearchNetworkTest" tests="1" failures="0" timestamp="05 Mar 2019 23:54:46 GMT" time="0.029" errors="0">
  <testcase name="testing" time="0.029" classname="tests.SearchNetworkTest"/>
</testsuite> <!-- tests.SearchNetworkTest -->
