<?xml version="1.0" encoding="UTF-8"?>
<!-- Generated by org.testng.reporters.JUnitReportReporter -->
<testsuite skipped="0" hostname="RokLightning" name="tests.SampleTest" tests="7" failures="0" timestamp="04 Feb 2019 01:28:39 GMT" time="24.323" errors="0">
  <testcase name="test1" time="4.107" classname="tests.SampleTest"/>
  <testcase name="test2" time="4.107" classname="tests.SampleTest"/>
  <testcase name="test5" time="1.741" classname="tests.SampleTest"/>
  <testcase name="test" time="4.076" classname="tests.SampleTest"/>
  <testcase name="test3" time="4.116" classname="tests.SampleTest"/>
  <testcase name="test4" time="4.114" classname="tests.SampleTest"/>
  <testcase name="test6" time="2.062" classname="tests.SampleTest"/>
</testsuite> <!-- tests.SampleTest -->
